library/RealTimeBlurView/build/intermediates/manifest_merge_blame_file/debug/manifest-merger-blame-debug-report.txt
1<?xml version="1.0" encoding="utf-8"?>
2<manifest xmlns:android="http://schemas.android.com/apk/res/android"
3    package="com.github.mmin18.realtimeblurview"
4    android:versionCode="1"
5    android:versionName="1.0" >
6
7    <uses-sdk
8        android:minSdkVersion="26"
8-->library\RealTimeBlurView\AndroidManifest.xml
9        android:targetSdkVersion="34" />
9-->library\RealTimeBlurView\AndroidManifest.xml
10
11</manifest>